C51 COMPILER V9.54   SOURCE                                                                12/30/2015 20:42:48 PAGE 1   


C51 COMPILER V9.54, COMPILATION OF MODULE SOURCE
OBJECT MODULE PLACED IN .\Objects\Source.obj
COMPILER INVOKED BY: C:\Keil_v5\C51\BIN\C51.EXE Source.c OPTIMIZE(8,SPEED) BROWSE DEBUG OBJECTEXTEND PRINT(.\Listings\So
                    -urce.lst) TABS(2) OBJECT(.\Objects\Source.obj)

line level    source

   1          #include "Header.h"
*** WARNING C275 IN LINE 183 OF Header.h: expression with possibly no effect
*** WARNING C275 IN LINE 188 OF Header.h: expression with possibly no effect
*** WARNING C275 IN LINE 189 OF Header.h: expression with possibly no effect
*** WARNING C275 IN LINE 230 OF Header.h: expression with possibly no effect
*** WARNING C275 IN LINE 231 OF Header.h: expression with possibly no effect
   2          
   3          void delay(unsigned int i)
   4          {
   5   1        char j;
   6   1        for(i; i > 0; i--)
   7   1          for(j = 200; j > 0; j--);
   8   1      }
   9          int main()
  10          {
  11   1        TMOD = 0x01;//设定工作方式为16位定时器
  12   1        TH0 = 0x70;
  13   1        TL0 = 0x00;
  14   1        EA = 1;//开总中断
  15   1        ET0 = 1;//开定时器T0中断  
  16   1        TR0 = 1;//启动定时器T0
  17   1        LcdInit();
  18   1        for (CommonCounter = 0; CommonCounter < 3; ++CommonCounter)
  19   1        {
  20   2          Time[CommonCounter][2] = 0;
  21   2          Time[CommonCounter][5] = 0;
  22   2        }
  23   1        strcpy(DisplayData[0], "Time:   00:00:00");
  24   1        strcpy(DisplayData[1], "Status:      OFF");
  25   1      //  strcpy(DisplayData[1], "Status:       ON");
  26   1      //  strcpy(DisplayData[1], "A: 00:00 ~ 00:00");
  27   1        LcdInit();
  28   1        for (CommonCounter = 0; CommonCounter < 16; ++CommonCounter)
  29   1          LcdWriteData(DisplayData[0][CommonCounter]);
  30   1        LcdWriteCom(0xC0);
  31   1        for (CommonCounter = 0; CommonCounter < 16; ++CommonCounter)
  32   1          LcdWriteData(DisplayData[1][CommonCounter]);
  33   1        while (1)
  34   1          if(State)
  35   1          {
  36   2            Power = 1;
  37   2            delay(5);
  38   2            Power = 0;
  39   2            delay(5);
  40   2          }
  41   1      }
*** WARNING C291 IN LINE 114 OF Source.c: not every exit path returns a value


MODULE INFORMATION:   STATIC OVERLAYABLE
   CODE SIZE        =   1855    ----
   CONSTANT SIZE    =     68    ----
   XDATA SIZE       =   ----    ----
   PDATA SIZE       =   ----    ----
C51 COMPILER V9.54   SOURCE                                                                12/30/2015 20:42:48 PAGE 2   

   DATA SIZE        =     84    ----
   IDATA SIZE       =   ----    ----
   BIT SIZE         =   ----    ----
END OF MODULE INFORMATION.


C51 COMPILATION COMPLETE.  6 WARNING(S),  0 ERROR(S)
